<?xml version="1.0" encoding="UTF-8"?>
<testng-results skipped="0" failed="0" ignored="0" total="2" passed="2">
  <reporter-output>
  </reporter-output>
  <suite name="Default suite" duration-ms="50" started-at="2018-06-12T17:34:31Z" finished-at="2018-06-12T17:34:32Z">
    <groups>
    </groups>
    <test name="Default test" duration-ms="50" started-at="2018-06-12T17:34:31Z" finished-at="2018-06-12T17:34:32Z">
      <class name="qaclickacademy.SeleniumTest">
        <test-method status="PASS" signature="BrowserAutomation()[pri:0, instance:qaclickacademy.SeleniumTest@2b98378d]" name="BrowserAutomation" duration-ms="17" started-at="2018-06-12T17:34:32Z" finished-at="2018-06-12T17:34:32Z">
          <reporter-output>
          </reporter-output>
        </test-method> <!-- BrowserAutomation -->
        <test-method status="PASS" signature="sendMail()[pri:0, instance:qaclickacademy.SeleniumTest@2b98378d]" name="sendMail" duration-ms="1" started-at="2018-06-12T17:34:32Z" finished-at="2018-06-12T17:34:32Z">
          <reporter-output>
          </reporter-output>
        </test-method> <!-- sendMail -->
      </class> <!-- qaclickacademy.SeleniumTest -->
    </test> <!-- Default test -->
  </suite> <!-- Default suite -->
</testng-results>
